<?xml version="1.0" encoding="UTF-8"?>
<!-- Generated by org.testng.reporters.JUnitReportReporter -->
<testsuite skipped="0" hostname="CRLHL-PSDT47" name="regressionTest.SearchHotelTest" tests="1" failures="0" timestamp="2019-06-11T19:45:25 PKT" time="12.058" errors="0">
  <testcase name="HotelSearchTest" time="12.058" classname="regressionTest.SearchHotelTest"/>
</testsuite> <!-- regressionTest.SearchHotelTest -->
