<?xml version="1.0" encoding="UTF-8"?>
<!-- Generated by org.testng.reporters.JUnitReportReporter -->
<testsuite skipped="0" hostname="CRLHL-PSDT47" name="regressionTest.SelectHotelTest" tests="1" failures="0" timestamp="2019-06-11T19:45:25 PKT" time="13.913" errors="0">
  <testcase name="SelectHotelTest" time="13.913" classname="regressionTest.SelectHotelTest"/>
</testsuite> <!-- regressionTest.SelectHotelTest -->
