<?xml version="1.0" encoding="UTF-8"?>
<!-- Generated by org.testng.reporters.JUnitReportReporter -->
<testsuite skipped="0" hostname="CRLHL-PSDT47" name="regressionTest.LoginTest" tests="3" failures="0" timestamp="2019-06-11T19:45:25 PKT" time="12.560" errors="0">
  <testcase name="invalidLogin" time="9.336" classname="regressionTest.LoginTest"/>
  <testcase name="validLogin" time="2.264" classname="regressionTest.LoginTest"/>
  <testcase name="Logout" time="0.960" classname="regressionTest.LoginTest"/>
</testsuite> <!-- regressionTest.LoginTest -->
